[2023-08-25T17:08:00.049Z] [INFO] [MerchantConfig427766595] : "************************ LOGGING START ************************"
[2023-08-25T17:08:00.058Z] [INFO] [ApiClient594478055] : "Authentication Type : HTTP_SIGNATURE"
[2023-08-25T17:08:00.059Z] [INFO] [ApiClient594478055] : "Request Type : POST"
[2023-08-25T17:08:00.063Z] [INFO] [ApiClient594478055] : "signatureHeader : keyid=\"dd176f5a-e4cb-4965-ad29-1653598c4611\", algorithm=\"HmacSHA256\", headers=\"host date (request-target) digest v-c-merchant-id\", signature=\"MJwsUnJFDdjp5VVAC1OlrWJqxePe9gmuTcyJf23bD/4=\""
[2023-08-25T17:08:00.064Z] [INFO] [ApiClient594478055] : "digest : SHA-256=IpH9ySVWlXKMMyVYOZ46JzK8l4LRSaVCpdRJ/sTem3k="
[2023-08-25T17:08:00.064Z] [INFO] [ApiClient594478055] : "v-c-merchant-id : visanetgt_colegioingenieros"
[2023-08-25T17:08:00.064Z] [INFO] [ApiClient594478055] : "date : Fri, 25 Aug 2023 17:08:00 GMT"
[2023-08-25T17:08:00.065Z] [INFO] [ApiClient594478055] : "host : api.cybersource.com"
[2023-08-25T17:08:00.065Z] [INFO] [ApiClient594478055] : "signature : keyid=\"dd176f5a-e4cb-4965-ad29-1653598c4611\", algorithm=\"HmacSHA256\", headers=\"host date (request-target) digest v-c-merchant-id\", signature=\"MJwsUnJFDdjp5VVAC1OlrWJqxePe9gmuTcyJf23bD/4=\""
[2023-08-25T17:08:00.065Z] [INFO] [ApiClient594478055] : "User-Agent : Mozilla/5.0"
[2023-08-25T17:08:00.066Z] [INFO] [ApiClient594478055] : "************************  LOGGING END  ************************"
[2023-08-25T17:10:17.893Z] [INFO] [MerchantConfig80297770] : "************************ LOGGING START ************************"
[2023-08-25T17:10:17.898Z] [INFO] [ApiClient605217252] : "Authentication Type : HTTP_SIGNATURE"
[2023-08-25T17:10:17.898Z] [INFO] [ApiClient605217252] : "Request Type : POST"
[2023-08-25T17:10:17.900Z] [INFO] [ApiClient605217252] : "signatureHeader : keyid=\"dd176f5a-e4cb-4965-ad29-1653598c4611\", algorithm=\"HmacSHA256\", headers=\"host date (request-target) digest v-c-merchant-id\", signature=\"4hQcoy5NDKEbh4PF2/TeMONhhE/Pioj/q+olZX7mchU=\""
[2023-08-25T17:10:17.900Z] [INFO] [ApiClient605217252] : "digest : SHA-256=s5ObSd47NJSXTaZvhKM3Vutu00VcRp1GE907+Vt2KY8="
[2023-08-25T17:10:17.900Z] [INFO] [ApiClient605217252] : "v-c-merchant-id : visanetgt_colegioingenieros"
[2023-08-25T17:10:17.900Z] [INFO] [ApiClient605217252] : "date : Fri, 25 Aug 2023 17:10:17 GMT"
[2023-08-25T17:10:17.901Z] [INFO] [ApiClient605217252] : "host : api.cybersource.com"
[2023-08-25T17:10:17.901Z] [INFO] [ApiClient605217252] : "signature : keyid=\"dd176f5a-e4cb-4965-ad29-1653598c4611\", algorithm=\"HmacSHA256\", headers=\"host date (request-target) digest v-c-merchant-id\", signature=\"4hQcoy5NDKEbh4PF2/TeMONhhE/Pioj/q+olZX7mchU=\""
[2023-08-25T17:10:17.901Z] [INFO] [ApiClient605217252] : "User-Agent : Mozilla/5.0"
[2023-08-25T17:10:17.901Z] [INFO] [ApiClient605217252] : "************************  LOGGING END  ************************"
[2023-08-25T17:13:03.106Z] [INFO] [MerchantConfig738498753] : "************************ LOGGING START ************************"
[2023-08-25T17:13:03.108Z] [INFO] [ApiClient146776962] : "Authentication Type : HTTP_SIGNATURE"
[2023-08-25T17:13:03.108Z] [INFO] [ApiClient146776962] : "Request Type : POST"
[2023-08-25T17:13:03.108Z] [INFO] [ApiClient146776962] : "signatureHeader : keyid=\"dd176f5a-e4cb-4965-ad29-1653598c4611\", algorithm=\"HmacSHA256\", headers=\"host date (request-target) digest v-c-merchant-id\", signature=\"6Ja4410Qz8L8kxFlUXS/XdpuHGgk4fMOOtn7pT6HQpI=\""
[2023-08-25T17:13:03.109Z] [INFO] [ApiClient146776962] : "digest : SHA-256=GIxR96dgARu9TxwtWjhGj+8EPzvN2yFCauTzPqezDyM="
[2023-08-25T17:13:03.109Z] [INFO] [ApiClient146776962] : "v-c-merchant-id : visanetgt_colegioingenieros"
[2023-08-25T17:13:03.109Z] [INFO] [ApiClient146776962] : "date : Fri, 25 Aug 2023 17:13:03 GMT"
[2023-08-25T17:13:03.109Z] [INFO] [ApiClient146776962] : "host : api.cybersource.com"
[2023-08-25T17:13:03.109Z] [INFO] [ApiClient146776962] : "signature : keyid=\"dd176f5a-e4cb-4965-ad29-1653598c4611\", algorithm=\"HmacSHA256\", headers=\"host date (request-target) digest v-c-merchant-id\", signature=\"6Ja4410Qz8L8kxFlUXS/XdpuHGgk4fMOOtn7pT6HQpI=\""
[2023-08-25T17:13:03.109Z] [INFO] [ApiClient146776962] : "User-Agent : Mozilla/5.0"
[2023-08-25T17:13:03.109Z] [INFO] [ApiClient146776962] : "************************  LOGGING END  ************************"
[2023-08-25T17:32:44.434Z] [INFO] [MerchantConfig772187569] : "************************ LOGGING START ************************"
[2023-08-25T17:32:44.436Z] [INFO] [ApiClient662829533] : "Authentication Type : HTTP_SIGNATURE"
[2023-08-25T17:32:44.436Z] [INFO] [ApiClient662829533] : "Request Type : POST"
[2023-08-25T17:32:44.436Z] [INFO] [ApiClient662829533] : "signatureHeader : keyid=\"0f956148-2c09-40bd-bd06-8783068c4934\", algorithm=\"HmacSHA256\", headers=\"host date (request-target) digest v-c-merchant-id\", signature=\"2n9ahZy1QclfQkiYq7Uqks1YWm5S3VDxqq9q0cjlqDg=\""
[2023-08-25T17:32:44.437Z] [INFO] [ApiClient662829533] : "digest : SHA-256=9ZQ46D9XRPxnXlcX15PAOwXLHImHZ5bmjaerhLDj1+E="
[2023-08-25T17:32:44.437Z] [INFO] [ApiClient662829533] : "v-c-merchant-id : visanetgt_colegioingenieros"
[2023-08-25T17:32:44.437Z] [INFO] [ApiClient662829533] : "date : Fri, 25 Aug 2023 17:32:44 GMT"
[2023-08-25T17:32:44.437Z] [INFO] [ApiClient662829533] : "host : apitest.cybersource.com"
[2023-08-25T17:32:44.437Z] [INFO] [ApiClient662829533] : "signature : keyid=\"0f956148-2c09-40bd-bd06-8783068c4934\", algorithm=\"HmacSHA256\", headers=\"host date (request-target) digest v-c-merchant-id\", signature=\"2n9ahZy1QclfQkiYq7Uqks1YWm5S3VDxqq9q0cjlqDg=\""
[2023-08-25T17:32:44.437Z] [INFO] [ApiClient662829533] : "User-Agent : Mozilla/5.0"
[2023-08-25T17:32:44.437Z] [INFO] [ApiClient662829533] : "************************  LOGGING END  ************************"
[2023-08-25T17:34:41.753Z] [INFO] [MerchantConfig224910270] : "************************ LOGGING START ************************"
[2023-08-25T17:34:41.756Z] [INFO] [ApiClient742515129] : "Authentication Type : HTTP_SIGNATURE"
[2023-08-25T17:34:41.756Z] [INFO] [ApiClient742515129] : "Request Type : POST"
[2023-08-25T17:34:41.756Z] [INFO] [ApiClient742515129] : "signatureHeader : keyid=\"0f956148-2c09-40bd-bd06-8783068c4934\", algorithm=\"HmacSHA256\", headers=\"host date (request-target) digest v-c-merchant-id\", signature=\"Vb3FXtaWOEdkbp5Bvd6OMRX+1ec9oueRZaY5t3uUjis=\""
[2023-08-25T17:34:41.757Z] [INFO] [ApiClient742515129] : "digest : SHA-256=jpUeQ1DoYaoYDMK9nPrPplRwARHgnbNlHiUhP0hkKng="
[2023-08-25T17:34:41.757Z] [INFO] [ApiClient742515129] : "v-c-merchant-id : visanetgt_colegioingenieros"
[2023-08-25T17:34:41.757Z] [INFO] [ApiClient742515129] : "date : Fri, 25 Aug 2023 17:34:41 GMT"
[2023-08-25T17:34:41.757Z] [INFO] [ApiClient742515129] : "host : apitest.cybersource.com"
[2023-08-25T17:34:41.758Z] [INFO] [ApiClient742515129] : "signature : keyid=\"0f956148-2c09-40bd-bd06-8783068c4934\", algorithm=\"HmacSHA256\", headers=\"host date (request-target) digest v-c-merchant-id\", signature=\"Vb3FXtaWOEdkbp5Bvd6OMRX+1ec9oueRZaY5t3uUjis=\""
[2023-08-25T17:34:41.758Z] [INFO] [ApiClient742515129] : "User-Agent : Mozilla/5.0"
[2023-08-25T17:34:41.758Z] [INFO] [ApiClient742515129] : "************************  LOGGING END  ************************"
